This file contains any messages produced by compilers while
running configure, to aid debugging if configure makes a mistake.

It was created by DVC configure 0, which was
generated by GNU Autoconf 2.61.  Invocation command line was

  $ ../configure 

## --------- ##
## Platform. ##
## --------- ##

hostname = debian
uname -m = i686
uname -r = 2.6.23-1-686
uname -s = Linux
uname -v = #1 SMP Fri Dec 21 13:57:07 UTC 2007

/usr/bin/uname -p = unknown
/bin/uname -X     = unknown

/bin/arch              = unknown
/usr/bin/arch -k       = unknown
/usr/convex/getsysinfo = unknown
/usr/bin/hostinfo      = unknown
/bin/machine           = unknown
/usr/bin/oslevel       = unknown
/bin/universe          = unknown

PATH: /home/james/bin
PATH: /usr/local/bin
PATH: /usr/bin
PATH: /bin
PATH: /usr/bin/X11
PATH: /usr/games
PATH: /sbin
PATH: /usr/sbin


## ----------- ##
## Core tests. ##
## ----------- ##

configure:1689: checking whether make sets $(MAKE)
configure:1710: result: yes
configure:1763: checking for a BSD-compatible install
configure:1819: result: /usr/bin/install -c
configure:1830: checking whether ln -s works
configure:1834: result: yes
configure:1843: checking for rm
configure:1861: found /bin/rm
configure:1874: result: /bin/rm
configure:1884: checking for ls
configure:1902: found /bin/ls
configure:1915: result: /bin/ls
configure:1925: checking for grep
configure:1943: found /bin/grep
configure:1956: result: /bin/grep
configure:1966: checking for true
configure:1984: found /bin/true
configure:1997: result: /bin/true
configure:2016: checking for emacs
configure:2032: found /usr/local/bin/emacs
configure:2043: result: emacs
configure:2062: checking emacs-type of emacs
configure:2073: result: emacs
configure:2076: checking emacs-version of emacs
configure:2090: result: 23.0.60.1
configure:2100: checking where .elc files should go
configure:2120: result: $(prefix)/share/emacs/site-lisp/dvc
configure:2136: checking which options to pass on to (X)Emacs
configure:2147: result: -batch -q --no-site-file -no-init-file -l $(srcdir)/dvc-build.el
configure:2152: checking where the TeXinfo docs should go
configure:2163: result: ${datarootdir}/info
configure:2178: checking for tla
configure:2208: result: no
configure:2226: checking for baz
configure:2256: result: no
configure:2274: checking for bzr
configure:2290: found /usr/bin/bzr
configure:2301: result: bzr
configure:2316: checking arch branch to use
configure:2354: result: none
configure:2369: checking for diff
configure:2385: found /usr/bin/diff
configure:2396: result: diff
configure:2421: checking for patch
configure:2437: found /usr/bin/patch
configure:2448: result: patch
configure:2466: checking for etags
configure:2482: found /usr/local/bin/etags
configure:2493: result: etags
configure:2509: checking for xargs
configure:2525: found /usr/bin/xargs
configure:2536: result: xargs
configure:2554: checking for gtar
configure:2584: result: no
configure:2554: checking for tar
configure:2570: found /bin/tar
configure:2581: result: tar
configure:2593: checking that tar is GNU tar
configure:2600: result: yes
configure:2612: checking for makeinfo
configure:2628: found /usr/bin/makeinfo
configure:2639: result: makeinfo
configure:2655: checking for texi2dvi
configure:2671: found /usr/bin/texi2dvi
configure:2682: result: texi2dvi
configure:2710: checking whether tree-widget is in the load-path
configure:2721: result: yes
configure:2910: creating ./config.status

## ---------------------- ##
## Running config.status. ##
## ---------------------- ##

This file was extended by DVC config.status 0, which was
generated by GNU Autoconf 2.61.  Invocation command line was

  CONFIG_FILES    = 
  CONFIG_HEADERS  = 
  CONFIG_LINKS    = 
  CONFIG_COMMANDS = 
  $ ./config.status 

on debian

config.status:603: creating Makefile
config.status:603: creating lisp/Makefile
config.status:603: creating texinfo/Makefile
config.status:603: creating dvc-load.el
config.status:603: creating dvc-load-install.el
config.status:769: WARNING: dvc-load-install.el contains a reference to the variable `datarootdir'
which seems to be undefined.  Please make sure it is defined.
config.status:603: creating lisp/dvc-site.el

## ---------------- ##
## Cache variables. ##
## ---------------- ##

ac_cv_env_build_alias_set=
ac_cv_env_build_alias_value=
ac_cv_env_host_alias_set=
ac_cv_env_host_alias_value=
ac_cv_env_target_alias_set=
ac_cv_env_target_alias_value=
ac_cv_path_GREP=/bin/grep
ac_cv_path_LS=/bin/ls
ac_cv_path_RM=/bin/rm
ac_cv_path_TRUE_PROG=/bin/true
ac_cv_path_install='/usr/bin/install -c'
ac_cv_prog_BZR=bzr
ac_cv_prog_DIFF=diff
ac_cv_prog_EMACS_PROG=emacs
ac_cv_prog_ETAGS=etags
ac_cv_prog_MAKEINFO=makeinfo
ac_cv_prog_PATCH=patch
ac_cv_prog_TAR=tar
ac_cv_prog_TEXI2DVI=texi2dvi
ac_cv_prog_XARGS=xargs
ac_cv_prog_make_make_set=yes

## ----------------- ##
## Output variables. ##
## ----------------- ##

ARCH='/bin/true'
ARCH_BRANCH='none'
BAZ=''
BZR='bzr'
DEFS='-DPACKAGE_NAME=\"DVC\" -DPACKAGE_TARNAME=\"dvc\" -DPACKAGE_VERSION=\"0\" -DPACKAGE_STRING=\"DVC\ 0\" -DPACKAGE_BUGREPORT=\"dvc-dev@gna.org\"'
DIFF='diff'
ECHO_C=''
ECHO_N='-n'
ECHO_T=''
EMACS_FLAVOR='emacs'
EMACS_PROG='emacs'
EMACS_VERSION='23.0.60.1'
ETAGS='etags'
FLAGS='-batch -q --no-site-file -no-init-file -l $(srcdir)/dvc-build.el'
GREP='/bin/grep'
HAS_TREE_WIDGET='yes'
INSTALL_DATA='${INSTALL} -m 644'
INSTALL_PROGRAM='${INSTALL}'
INSTALL_SCRIPT='${INSTALL}'
LIBOBJS=''
LIBS=''
LINKPATH=''
LN_S='ln -s'
LS='/bin/ls'
LTLIBOBJS=''
MAKEINFO='makeinfo'
OTHERDIRS=''
PACKAGEDIR=''
PACKAGE_BUGREPORT='dvc-dev@gna.org'
PACKAGE_NAME='DVC'
PACKAGE_STRING='DVC 0'
PACKAGE_TARNAME='dvc'
PACKAGE_VERSION='0'
PATCH='patch'
PATH_SEPARATOR=':'
RM='/bin/rm'
SET_MAKE=''
SHELL='/bin/sh'
SITEFLAG='--no-site-file'
SYMLINKS='no'
TAR='tar'
TEXI2DVI='texi2dvi'
TLA=''
TRUE_PROG='/bin/true'
XARGS='xargs'
bindir='${exec_prefix}/bin'
build_alias=''
datadir='$(prefix)/share'
datarootdir='${prefix}/share'
docdir='${datarootdir}/doc/${PACKAGE_TARNAME}'
dvidir='${docdir}'
exec_prefix='${prefix}'
host_alias=''
htmldir='${docdir}'
includedir='${prefix}/include'
info_dir='${datarootdir}/info'
infodir='${datarootdir}/info'
libdir='${exec_prefix}/lib'
libexecdir='${exec_prefix}/libexec'
lispdir='$(prefix)/share/emacs/site-lisp/dvc'
localedir='${datarootdir}/locale'
localstatedir='${prefix}/var'
mandir='${datarootdir}/man'
oldincludedir='/usr/include'
pdfdir='${docdir}'
prefix='/usr/local'
program_transform_name='s,x,x,'
psdir='${docdir}'
sbindir='${exec_prefix}/sbin'
sharedstatedir='${prefix}/com'
sysconfdir='${prefix}/etc'
target_alias=''

## ----------- ##
## confdefs.h. ##
## ----------- ##

#define PACKAGE_NAME "DVC"
#define PACKAGE_TARNAME "dvc"
#define PACKAGE_VERSION "0"
#define PACKAGE_STRING "DVC 0"
#define PACKAGE_BUGREPORT "dvc-dev@gna.org"

configure: exit 0
