This file contains any messages produced by compilers while
running configure, to aid debugging if configure makes a mistake.

It was created by BBDB configure 2.36 devo, which was
generated by GNU Autoconf 2.61.  Invocation command line was

  $ ./configure --with-emacs=/usr/local/bin/emacs-23.0.0

## --------- ##
## Platform. ##
## --------- ##

hostname = lambdabox
uname -m = i686
uname -r = 2.6.18-4-686
uname -s = Linux
uname -v = #1 SMP Mon Mar 26 17:17:36 UTC 2007

/usr/bin/uname -p = unknown
/bin/uname -X     = unknown

/bin/arch              = unknown
/usr/bin/arch -k       = unknown
/usr/convex/getsysinfo = unknown
/usr/bin/hostinfo      = unknown
/bin/machine           = unknown
/usr/bin/oslevel       = unknown
/bin/universe          = unknown

PATH: /home/james/bin
PATH: /home/james/bin
PATH: /usr/local/bin
PATH: /usr/bin
PATH: /bin
PATH: /usr/bin/X11
PATH: /usr/games
PATH: /sbin
PATH: /usr/sbin


## ----------- ##
## Core tests. ##
## ----------- ##

configure:1695: checking whether make sets $(MAKE)
configure:1716: result: yes
configure:1769: checking for a BSD-compatible install
configure:1825: result: /usr/bin/install -c
configure:1836: checking whether ln -s works
configure:1840: result: yes
configure:1849: checking for rm
configure:1867: found /bin/rm
configure:1880: result: /bin/rm
configure:1890: checking for grep
configure:1908: found /bin/grep
configure:1921: result: /bin/grep
configure:1930: checking for my keys
configure:1932: result: not found
configure:1940: checking for gtar
configure:1970: result: no
configure:1940: checking for tar
configure:1956: found /bin/tar
configure:1967: result: tar
configure:1979: checking that tar is GNU tar
configure:1986: result: yes
configure:2000: checking for gzip
configure:2016: found /bin/gzip
configure:2027: result: gzip
configure:2053: checking for makeinfo
configure:2069: found /usr/bin/makeinfo
configure:2080: result: makeinfo
configure:2096: checking for texi2dvi
configure:2112: found /usr/bin/texi2dvi
configure:2123: result: texi2dvi
configure:2139: checking for etags
configure:2155: found /usr/local/bin/etags
configure:2166: result: etags
configure:2369: checking checking emacs-type of /usr/local/bin/emacs-23.0.0
configure:2375: result: emacs
configure:2577: creating ./config.status

## ---------------------- ##
## Running config.status. ##
## ---------------------- ##

This file was extended by BBDB config.status 2.36 devo, which was
generated by GNU Autoconf 2.61.  Invocation command line was

  CONFIG_FILES    = 
  CONFIG_HEADERS  = 
  CONFIG_LINKS    = 
  CONFIG_COMMANDS = 
  $ ./config.status 

on lambdabox

config.status:602: creating Makefile
config.status:602: creating lisp/Makefile
config.status:602: creating texinfo/Makefile
config.status:602: creating tex/Makefile
config.status:602: creating utils/Makefile
config.status:602: creating testing/Makefile

## ---------------- ##
## Cache variables. ##
## ---------------- ##

ac_cv_env_build_alias_set=
ac_cv_env_build_alias_value=
ac_cv_env_host_alias_set=
ac_cv_env_host_alias_value=
ac_cv_env_target_alias_set=
ac_cv_env_target_alias_value=
ac_cv_path_GREP=/bin/grep
ac_cv_path_RM=/bin/rm
ac_cv_path_install='/usr/bin/install -c'
ac_cv_prog_COMPRESS=gzip
ac_cv_prog_ETAGS=etags
ac_cv_prog_MAKEINFO=makeinfo
ac_cv_prog_TAR=tar
ac_cv_prog_TEXI2DVI=texi2dvi
ac_cv_prog_make_make_set=yes

## ----------------- ##
## Output variables. ##
## ----------------- ##

BBDB_GNUS='gnus'
BBDB_LOADPATH='./loadpath.el'
BBDB_MHE=''
BBDB_REPORTMAIL=''
BBDB_RMAIL=''
BBDB_SC='bbdb-sc.elc'
BBDB_SRV=''
BBDB_VM=''
COMPEXT='gz'
COMPRESS='gzip --verbose --best'
DEFS='-DPACKAGE_NAME=\"BBDB\" -DPACKAGE_TARNAME=\"bbdb\" -DPACKAGE_VERSION=\"2.36\ devo\" -DPACKAGE_STRING=\"BBDB\ 2.36\ devo\" -DPACKAGE_BUGREPORT=\"bbdb-info@lists.sourceforge.net\"'
ECHO_C=''
ECHO_N='-n'
ECHO_T=''
EMACS_FLAVOR='emacs'
EMACS_PROG='/usr/local/bin/emacs-23.0.0'
ETAGS='etags'
GNUSDIR=''
GREP='/bin/grep'
GREPCONTEXT=''
HUSHMAKE='@'
INSTALL_DATA='${INSTALL} -m 644'
INSTALL_PROGRAM='${INSTALL}'
INSTALL_SCRIPT='${INSTALL}'
LIBOBJS=''
LIBS=''
LINKPATH=''
LN_S='ln -s'
LTLIBOBJS=''
MAKEINFO='makeinfo'
MHEDIR=''
OTHERDIRS=''
PACKAGEDIR='/usr/lib/xemacs/site-packages'
PACKAGE_BUGREPORT='bbdb-info@lists.sourceforge.net'
PACKAGE_NAME='BBDB'
PACKAGE_STRING='BBDB 2.36 devo'
PACKAGE_TARNAME='bbdb'
PACKAGE_VERSION='2.36 devo'
PATH_SEPARATOR=':'
RM='/bin/rm -f'
SET_MAKE=''
SHELL='/bin/sh'
SYMLINKS='no'
TAR='tar'
TEXI2DVI='texi2dvi'
VMDIR=''
bindir='${exec_prefix}/bin'
build_alias=''
datadir='${datarootdir}'
datarootdir='${prefix}/share'
docdir='${datarootdir}/doc/${PACKAGE_TARNAME}'
dvidir='${docdir}'
exec_prefix='${prefix}'
host_alias=''
htmldir='${docdir}'
includedir='${prefix}/include'
infodir='${datarootdir}/info'
libdir='${exec_prefix}/lib'
libexecdir='${exec_prefix}/libexec'
localedir='${datarootdir}/locale'
localstatedir='${prefix}/var'
mandir='${datarootdir}/man'
oldincludedir='/usr/include'
pdfdir='${docdir}'
prefix='/usr/local'
program_transform_name='s,x,x,'
psdir='${docdir}'
sbindir='${exec_prefix}/sbin'
sharedstatedir='${prefix}/com'
sysconfdir='${prefix}/etc'
target_alias=''

## ----------- ##
## confdefs.h. ##
## ----------- ##

#define PACKAGE_NAME "BBDB"
#define PACKAGE_TARNAME "bbdb"
#define PACKAGE_VERSION "2.36 devo"
#define PACKAGE_STRING "BBDB 2.36 devo"
#define PACKAGE_BUGREPORT "bbdb-info@lists.sourceforge.net"

configure: exit 0
